<?xml version="1.0" encoding="UTF-8"?>
<!-- Generated by org.testng.reporters.JUnitReportReporter -->
<testsuite hostname="DESKTOP-FSSL81L" failures="0" tests="1" name="testng1.NewTest" time="2.060" errors="0" timestamp="2022-01-29T16:28:46 IST" skipped="0">
  <testcase classname="testng1.NewTest" name="f" time="2.060"/>
  <system-out/>
</testsuite> <!-- testng1.NewTest -->
