<?xml version="1.0" encoding="UTF-8"?>
<!-- Generated by org.testng.reporters.JUnitReportReporter -->
<testsuite hostname="DESKTOP-FSSL81L" failures="0" tests="1" name="testng1.new1" time="20.681" errors="0" timestamp="2022-02-08T21:46:27 IST" skipped="0">
  <testcase classname="testng1.new1" name="f" time="20.681"/>
  <system-out/>
</testsuite> <!-- testng1.new1 -->
