<?xml version="1.0" encoding="UTF-8"?>
<!-- Generated by org.testng.reporters.JUnitReportReporter -->
<testsuite hostname="DESKTOP-FSSL81L" failures="0" tests="2" name="gitprojct.Amazongit" time="47.141" errors="0" timestamp="2022-02-11T13:28:33 IST" skipped="0">
  <testcase classname="gitprojct.Amazongit" name="list" time="34.389"/>
  <system-out/>
  <testcase classname="gitprojct.Amazongit" name="list" time="12.752"/>
  <system-out/>
</testsuite> <!-- gitprojct.Amazongit -->
