<?xml version="1.0" encoding="UTF-8"?>
<!-- Generated by org.testng.reporters.JUnitReportReporter -->
<testsuite hostname="DESKTOP-FSSL81L" failures="0" tests="9" name="gitprojct.PomAmazn" time="100.935" errors="0" timestamp="2022-02-15T10:15:05 IST" skipped="0">
  <testcase classname="gitprojct.PomAmazn" name="signup" time="11.153"/>
  <system-out/>
  <testcase classname="gitprojct.PomAmazn" name="signup" time="5.329"/>
  <system-out/>
  <testcase classname="gitprojct.PomAmazn" name="signup" time="6.341"/>
  <system-out/>
  <testcase classname="gitprojct.PomAmazn" name="select" time="16.675"/>
  <system-out/>
  <testcase classname="gitprojct.PomAmazn" name="select" time="16.199"/>
  <system-out/>
  <testcase classname="gitprojct.PomAmazn" name="select" time="18.768"/>
  <system-out/>
  <testcase classname="gitprojct.PomAmazn" name="cart" time="10.724"/>
  <system-out/>
  <testcase classname="gitprojct.PomAmazn" name="cart" time="13.283"/>
  <system-out/>
  <testcase classname="gitprojct.PomAmazn" name="cart" time="2.463"/>
  <system-out/>
</testsuite> <!-- gitprojct.PomAmazn -->
