<?xml version="1.0" encoding="UTF-8"?>
<!-- Generated by org.testng.reporters.JUnitReportReporter -->
<testsuite hostname="DESKTOP-FSSL81L" failures="0" tests="6" name="gitprojct.PomAmazn" time="70.643" errors="0" timestamp="2022-02-11T18:02:27 IST" skipped="0">
  <testcase classname="gitprojct.PomAmazn" name="select" time="15.683"/>
  <system-out/>
  <testcase classname="gitprojct.PomAmazn" name="select" time="12.081"/>
  <system-out/>
  <testcase classname="gitprojct.PomAmazn" name="select" time="15.431"/>
  <system-out/>
  <testcase classname="gitprojct.PomAmazn" name="cart" time="12.388"/>
  <system-out/>
  <testcase classname="gitprojct.PomAmazn" name="cart" time="1.973"/>
  <system-out/>
  <testcase classname="gitprojct.PomAmazn" name="cart" time="13.087"/>
  <system-out/>
</testsuite> <!-- gitprojct.PomAmazn -->
